Build started 19/03/2012 22:29:52.
     1>Project "C:\hanan\datagridview_for_mano\datagridview_for_mano\managedcppdll\cppdll.vcxproj" on node 2 (rebuild target(s)).
     1>_PrepareForClean:
         Deleting file "Debug\cppdll.lastbuildstate".
       InitializeBuildStatus:
         Creating "Debug\cppdll.unsuccessfulbuild" because "AlwaysCreate" was specified.
       ClCompile:
         C:\Program Files\Microsoft Visual Studio 10.0\VC\bin\CL.exe /c /Zi /nologo /W3 /WX- /Od /Oy- /D WIN32 /D _DEBUG /D _WINDOWS /D _USRDLL /D CDLL_EXPORTS /D _WINDLL /D _UNICODE /D UNICODE /Gm- /EHa /MDd /GS /fp:precise /Zc:wchar_t- /Zc:forScope /Fo"Debug\\" /Fd"Debug\vc100.pdb" /Gd /TP /analyze- /errorReport:prompt operatetowerdll.cpp /clr:oldSyntax 
     1>cl : Command line warning D9035: option 'clr:oldsyntax' has been deprecated and will be removed in a future release
         operatetowerdll.cpp
       ManifestResourceCompile:
         C:\Program Files\Microsoft SDKs\Windows\v7.0A\bin\rc.exe /nologo /fo"Debug\cppdll.dll.embed.manifest.res" Debug\cppdll_manifest.rc 
       Link:
         C:\Program Files\Microsoft Visual Studio 10.0\VC\bin\link.exe /ERRORREPORT:PROMPT /OUT:"C:\hanan\datagridview_for_mano\datagridview_for_mano\datagridview\Debug\cppdll.dll" /INCREMENTAL /NOLOGO Oleaut32.lib comsupp.lib kernel32.lib user32.lib gdi32.lib winspool.lib comdlg32.lib advapi32.lib shell32.lib ole32.lib oleaut32.lib uuid.lib odbc32.lib odbccp32.lib kernel32.lib user32.lib gdi32.lib winspool.lib comdlg32.lib advapi32.lib shell32.lib ole32.lib oleaut32.lib uuid.lib odbc32.lib odbccp32.lib /MANIFEST /ManifestFile:"Debug\cppdll.dll.intermediate.manifest" /MANIFESTUAC:"level='asInvoker' uiAccess='false'" /DEBUG /PDB:"C:\hanan\datagridview_for_mano\datagridview_for_mano\datagridview\Debug\cppdll.pdb" /SUBSYSTEM:WINDOWS /TLBID:1 /DYNAMICBASE /NXCOMPAT /IMPLIB:"C:\hanan\datagridview_for_mano\datagridview_for_mano\datagridview\Debug\cppdll.lib" /MACHINE:X86 /DLL Debug\cppdll.dll.embed.manifest.res
         Debug\operatetowerdll.obj
       Manifest:
         Deleting file "Debug\cppdll.dll.embed.manifest".
         C:\Program Files\Microsoft SDKs\Windows\v7.0A\bin\mt.exe /nologo /verbose /out:"Debug\cppdll.dll.embed.manifest" /manifest Debug\cppdll.dll.intermediate.manifest
         C:\Program Files\Microsoft SDKs\Windows\v7.0A\bin\rc.exe /nologo /fo"Debug\cppdll.dll.embed.manifest.res" Debug\cppdll_manifest.rc 
       LinkEmbedManifest:
         C:\Program Files\Microsoft Visual Studio 10.0\VC\bin\link.exe /ERRORREPORT:PROMPT /OUT:"C:\hanan\datagridview_for_mano\datagridview_for_mano\datagridview\Debug\cppdll.dll" /INCREMENTAL /NOLOGO Oleaut32.lib comsupp.lib kernel32.lib user32.lib gdi32.lib winspool.lib comdlg32.lib advapi32.lib shell32.lib ole32.lib oleaut32.lib uuid.lib odbc32.lib odbccp32.lib kernel32.lib user32.lib gdi32.lib winspool.lib comdlg32.lib advapi32.lib shell32.lib ole32.lib oleaut32.lib uuid.lib odbc32.lib odbccp32.lib /MANIFEST /ManifestFile:"Debug\cppdll.dll.intermediate.manifest" /MANIFESTUAC:"level='asInvoker' uiAccess='false'" /DEBUG /PDB:"C:\hanan\datagridview_for_mano\datagridview_for_mano\datagridview\Debug\cppdll.pdb" /SUBSYSTEM:WINDOWS /TLBID:1 /DYNAMICBASE /NXCOMPAT /IMPLIB:"C:\hanan\datagridview_for_mano\datagridview_for_mano\datagridview\Debug\cppdll.lib" /MACHINE:X86 /DLL Debug\cppdll.dll.embed.manifest.res
         Debug\operatetowerdll.obj
         cppdll.vcxproj -> C:\hanan\datagridview_for_mano\datagridview_for_mano\datagridview\Debug\cppdll.dll
       FinalizeBuildStatus:
         Deleting file "Debug\cppdll.unsuccessfulbuild".
         Touching "Debug\cppdll.lastbuildstate".
     1>Done Building Project "C:\hanan\datagridview_for_mano\datagridview_for_mano\managedcppdll\cppdll.vcxproj" (rebuild target(s)).

Build succeeded.

Time Elapsed 00:00:04.07
