C:\HANAN\DATAGRIDVIEW_FOR_MANO\DATAGRIDVIEW_FOR_MANO\DATAGRIDVIEW\DEBUG\CPPDLL.DLL
C:\HANAN\DATAGRIDVIEW_FOR_MANO\DATAGRIDVIEW_FOR_MANO\DATAGRIDVIEW\DEBUG\CPPDLL.ILK
C:\HANAN\DATAGRIDVIEW_FOR_MANO\DATAGRIDVIEW_FOR_MANO\DATAGRIDVIEW\DEBUG\CPPDLL.PDB
C:\hanan\datagridview_for_mano\datagridview_for_mano\managedcppdll\Debug\cl.command.1.tlog
C:\hanan\datagridview_for_mano\datagridview_for_mano\managedcppdll\Debug\CL.read.1.tlog
C:\hanan\datagridview_for_mano\datagridview_for_mano\managedcppdll\Debug\CL.write.1.tlog
C:\HANAN\DATAGRIDVIEW_FOR_MANO\DATAGRIDVIEW_FOR_MANO\MANAGEDCPPDLL\DEBUG\CPPDLL.DLL.EMBED.MANIFEST
C:\HANAN\DATAGRIDVIEW_FOR_MANO\DATAGRIDVIEW_FOR_MANO\MANAGEDCPPDLL\DEBUG\CPPDLL.DLL.EMBED.MANIFEST.RES
C:\HANAN\DATAGRIDVIEW_FOR_MANO\DATAGRIDVIEW_FOR_MANO\MANAGEDCPPDLL\DEBUG\CPPDLL.DLL.INTERMEDIATE.MANIFEST
C:\hanan\datagridview_for_mano\datagridview_for_mano\managedcppdll\Debug\cppdll_manifest.rc
C:\hanan\datagridview_for_mano\datagridview_for_mano\managedcppdll\Debug\link.2772.read.1.tlog
C:\hanan\datagridview_for_mano\datagridview_for_mano\managedcppdll\Debug\link.2772.write.1.tlog
C:\hanan\datagridview_for_mano\datagridview_for_mano\managedcppdll\Debug\link.2772-cvtres.read.1.tlog
C:\hanan\datagridview_for_mano\datagridview_for_mano\managedcppdll\Debug\link.2772-cvtres.write.1.tlog
C:\hanan\datagridview_for_mano\datagridview_for_mano\managedcppdll\Debug\link.5024.read.1.tlog
C:\hanan\datagridview_for_mano\datagridview_for_mano\managedcppdll\Debug\link.5024.write.1.tlog
C:\hanan\datagridview_for_mano\datagridview_for_mano\managedcppdll\Debug\link.5024-cvtres.read.1.tlog
C:\hanan\datagridview_for_mano\datagridview_for_mano\managedcppdll\Debug\link.5024-cvtres.write.1.tlog
C:\hanan\datagridview_for_mano\datagridview_for_mano\managedcppdll\Debug\link.command.1.tlog
C:\hanan\datagridview_for_mano\datagridview_for_mano\managedcppdll\Debug\link.read.1.tlog
C:\hanan\datagridview_for_mano\datagridview_for_mano\managedcppdll\Debug\link.write.1.tlog
C:\hanan\datagridview_for_mano\datagridview_for_mano\managedcppdll\Debug\mt.command.1.tlog
C:\hanan\datagridview_for_mano\datagridview_for_mano\managedcppdll\Debug\mt.read.1.tlog
C:\hanan\datagridview_for_mano\datagridview_for_mano\managedcppdll\Debug\mt.write.1.tlog
C:\HANAN\DATAGRIDVIEW_FOR_MANO\DATAGRIDVIEW_FOR_MANO\MANAGEDCPPDLL\DEBUG\OPERATETOWERDLL.OBJ
C:\hanan\datagridview_for_mano\datagridview_for_mano\managedcppdll\Debug\rc.command.1.tlog
C:\hanan\datagridview_for_mano\datagridview_for_mano\managedcppdll\Debug\rc.read.1.tlog
C:\hanan\datagridview_for_mano\datagridview_for_mano\managedcppdll\Debug\rc.write.1.tlog
C:\HANAN\DATAGRIDVIEW_FOR_MANO\DATAGRIDVIEW_FOR_MANO\MANAGEDCPPDLL\DEBUG\VC100.PDB
